{"numTotalTestSuites":7,"numPassedTestSuites":7,"numFailedTestSuites":0,"numPendingTestSuites":0,"numTotalTests":18,"numPassedTests":18,"numFailedTests":0,"numPendingTests":0,"numTodoTests":0,"snapshot":{"added":0,"failure":false,"filesAdded":0,"filesRemoved":0,"filesRemovedList":[],"filesUnmatched":0,"filesUpdated":0,"matched":0,"total":0,"unchecked":0,"uncheckedKeysByFile":[],"unmatched":0,"updated":0,"didUpdate":false},"startTime":1773420998951,"success":true,"testResults":[{"assertionResults":[{"ancestorTitles":["App Component","Initial Render"],"fullName":"App Component Initial Render renders the main heading","status":"passed","title":"renders the main heading","duration":111.32835499999987,"failureMessages":[],"meta":{},"tags":[]},{"ancestorTitles":["App Component","Initial Render"],"fullName":"App Component Initial Render renders the instruction heading","status":"passed","title":"renders the instruction heading","duration":13.638964999999871,"failureMessages":[],"meta":{},"tags":[]},{"ancestorTitles":["App Component","Initial Render"],"fullName":"App Component Initial Render renders the ZIP code input with label","status":"passed","title":"renders the ZIP code input with label","duration":14.263116000000082,"failureMessages":[],"meta":{},"tags":[]},{"ancestorTitles":["App Component","Initial Render"],"fullName":"App Component Initial Render has default ZIP code value of 90210","status":"passed","title":"has default ZIP code value of 90210","duration":12.508514000000105,"failureMessages":[],"meta":{},"tags":[]},{"ancestorTitles":["App Component","Initial Render"],"fullName":"App Component Initial Render renders the Get Forecast button","status":"passed","title":"renders the Get Forecast button","duration":259.5581829999999,"failureMessages":[],"meta":{},"tags":[]},{"ancestorTitles":["App Component","Initial Render"],"fullName":"App Component Initial Render renders dark mode toggle button in light mode initially","status":"passed","title":"renders dark mode toggle button in light mode initially","duration":11.35213399999975,"failureMessages":[],"meta":{},"tags":[]},{"ancestorTitles":["App Component","Initial Render"],"fullName":"App Component Initial Render shows clear button when ZIP code has value","status":"passed","title":"shows clear button when ZIP code has value","duration":8.628613999999743,"failureMessages":[],"meta":{},"tags":[]},{"ancestorTitles":["App Component","ZIP Code Input Interaction"],"fullName":"App Component ZIP Code Input Interaction allows user to type in ZIP code","status":"passed","title":"allows user to type in ZIP code","duration":115.52106599999979,"failureMessages":[],"meta":{},"tags":[]},{"ancestorTitles":["App Component","ZIP Code Input Interaction"],"fullName":"App Component ZIP Code Input Interaction shows clear button when ZIP has value","status":"passed","title":"shows clear button when ZIP has value","duration":90.789358,"failureMessages":[],"meta":{},"tags":[]},{"ancestorTitles":["App Component","ZIP Code Input Interaction"],"fullName":"App Component ZIP Code Input Interaction clears ZIP code and forecast when clear button is clicked","status":"passed","title":"clears ZIP code and forecast when clear button is clicked","duration":70.99679500000002,"failureMessages":[],"meta":{},"tags":[]},{"ancestorTitles":["App Component","Dark Mode Toggle"],"fullName":"App Component Dark Mode Toggle toggles to dark mode when button is clicked","status":"passed","title":"toggles to dark mode when button is clicked","duration":62.34267899999986,"failureMessages":[],"meta":{},"tags":[]},{"ancestorTitles":["App Component","Dark Mode Toggle"],"fullName":"App Component Dark Mode Toggle toggles back to light mode","status":"passed","title":"toggles back to light mode","duration":117.54578600000013,"failureMessages":[],"meta":{},"tags":[]},{"ancestorTitles":["App Component","Weather Forecast Fetching"],"fullName":"App Component Weather Forecast Fetching fetches and displays weather forecast on button click","status":"passed","title":"fetches and displays weather forecast on button click","duration":119.02521000000024,"failureMessages":[],"meta":{},"tags":[]},{"ancestorTitles":["App Component","Weather Forecast Fetching"],"fullName":"App Component Weather Forecast Fetching displays error message when API call fails","status":"passed","title":"displays error message when API call fails","duration":104.70734000000039,"failureMessages":[],"meta":{},"tags":[]},{"ancestorTitles":["App Component","Weather Forecast Fetching"],"fullName":"App Component Weather Forecast Fetching handles network errors gracefully","status":"passed","title":"handles network errors gracefully","duration":100.51083699999981,"failureMessages":[],"meta":{},"tags":[]},{"ancestorTitles":["App Component","Weather Forecast Fetching"],"fullName":"App Component Weather Forecast Fetching uses correct API endpoint with ZIP code","status":"passed","title":"uses correct API endpoint with ZIP code","duration":155.70581800000036,"failureMessages":[],"meta":{},"tags":[]},{"ancestorTitles":["App Component","Forecast Display"],"fullName":"App Component Forecast Display groups forecast by day","status":"passed","title":"groups forecast by day","duration":98.85337299999992,"failureMessages":[],"meta":{},"tags":[]},{"ancestorTitles":["App Component","Forecast Display"],"fullName":"App Component Forecast Display displays weather icons","status":"passed","title":"displays weather icons","duration":96.96233600000005,"failureMessages":[],"meta":{},"tags":[]}],"startTime":1773421000809,"endTime":1773421002374.9624,"status":"passed","message":"","name":"/root/app/code/src/App.test.jsx"}]}